Building DAG of jobs...
Using shell: /usr/bin/bash
Provided cores: 4
Rules claiming more threads will be scaled down.
Job counts:
	count	jobs
	1	all
	1	catAlleleCountFiles
	4	combineTitanAndIchorCNA
	1	copyOptSolution
	23	getAlleleCountsByChr
	23	getHETsites
	1	ichorCNA
	2	read_counter
	4	runTitanCNA
	1	selectSolution
	61

[Tue Nov  3 12:17:57 2020]
rule getHETsites:
    input: /scratch/n/nicholsa/zyfniu/AN_WGS/20200908_HPV_HNSCC_WGS/Recal/HPV76-P.recal.bam
    output: results/titan/hetPosns/tumor_sample_1/tumor_sample_1.chrchr7.vcf
    log: logs/titan/hetPosns/tumor_sample_1/tumor_sample_1.chrchr7.log
    jobid: 44
    wildcards: tumor=tumor_sample_1, chr=chr7


[Tue Nov  3 12:17:57 2020]
rule getHETsites:
    input: /scratch/n/nicholsa/zyfniu/AN_WGS/20200908_HPV_HNSCC_WGS/Recal/HPV76-P.recal.bam
    output: results/titan/hetPosns/tumor_sample_1/tumor_sample_1.chrchr14.vcf
    log: logs/titan/hetPosns/tumor_sample_1/tumor_sample_1.chrchr14.log
    jobid: 51
    wildcards: tumor=tumor_sample_1, chr=chr14


[Tue Nov  3 12:17:57 2020]
rule getHETsites:
    input: /scratch/n/nicholsa/zyfniu/AN_WGS/20200908_HPV_HNSCC_WGS/Recal/HPV76-P.recal.bam
    output: results/titan/hetPosns/tumor_sample_1/tumor_sample_1.chrchr22.vcf
    log: logs/titan/hetPosns/tumor_sample_1/tumor_sample_1.chrchr22.log
    jobid: 59
    wildcards: tumor=tumor_sample_1, chr=chr22


[Tue Nov  3 12:17:57 2020]
rule getHETsites:
    input: /scratch/n/nicholsa/zyfniu/AN_WGS/20200908_HPV_HNSCC_WGS/Recal/HPV76-P.recal.bam
    output: results/titan/hetPosns/tumor_sample_1/tumor_sample_1.chrchr8.vcf
    log: logs/titan/hetPosns/tumor_sample_1/tumor_sample_1.chrchr8.log
    jobid: 45
    wildcards: tumor=tumor_sample_1, chr=chr8

[Tue Nov  3 12:21:38 2020]
Finished job 59.
1 of 61 steps (2%) done

[Tue Nov  3 12:21:38 2020]
rule getHETsites:
    input: /scratch/n/nicholsa/zyfniu/AN_WGS/20200908_HPV_HNSCC_WGS/Recal/HPV76-P.recal.bam
    output: results/titan/hetPosns/tumor_sample_1/tumor_sample_1.chrchr15.vcf
    log: logs/titan/hetPosns/tumor_sample_1/tumor_sample_1.chrchr15.log
    jobid: 52
    wildcards: tumor=tumor_sample_1, chr=chr15

[Tue Nov  3 12:26:18 2020]
Finished job 51.
2 of 61 steps (3%) done

[Tue Nov  3 12:26:18 2020]
rule getHETsites:
    input: /scratch/n/nicholsa/zyfniu/AN_WGS/20200908_HPV_HNSCC_WGS/Recal/HPV76-P.recal.bam
    output: results/titan/hetPosns/tumor_sample_1/tumor_sample_1.chrchrX.vcf
    log: logs/titan/hetPosns/tumor_sample_1/tumor_sample_1.chrchrX.log
    jobid: 60
    wildcards: tumor=tumor_sample_1, chr=chrX

[Tue Nov  3 12:29:00 2020]
Finished job 52.
3 of 61 steps (5%) done

[Tue Nov  3 12:29:00 2020]
rule getHETsites:
    input: /scratch/n/nicholsa/zyfniu/AN_WGS/20200908_HPV_HNSCC_WGS/Recal/HPV76-P.recal.bam
    output: results/titan/hetPosns/tumor_sample_1/tumor_sample_1.chrchr1.vcf
    log: logs/titan/hetPosns/tumor_sample_1/tumor_sample_1.chrchr1.log
    jobid: 38
    wildcards: tumor=tumor_sample_1, chr=chr1

[Tue Nov  3 12:31:08 2020]
Finished job 60.
4 of 61 steps (7%) done

[Tue Nov  3 12:31:08 2020]
rule getHETsites:
    input: /scratch/n/nicholsa/zyfniu/AN_WGS/20200908_HPV_HNSCC_WGS/Recal/HPV76-P.recal.bam
    output: results/titan/hetPosns/tumor_sample_1/tumor_sample_1.chrchr9.vcf
    log: logs/titan/hetPosns/tumor_sample_1/tumor_sample_1.chrchr9.log
    jobid: 46
    wildcards: tumor=tumor_sample_1, chr=chr9

[Tue Nov  3 12:34:40 2020]
Finished job 45.
5 of 61 steps (8%) done

[Tue Nov  3 12:34:40 2020]
rule getHETsites:
    input: /scratch/n/nicholsa/zyfniu/AN_WGS/20200908_HPV_HNSCC_WGS/Recal/HPV76-P.recal.bam
    output: results/titan/hetPosns/tumor_sample_1/tumor_sample_1.chrchr16.vcf
    log: logs/titan/hetPosns/tumor_sample_1/tumor_sample_1.chrchr16.log
    jobid: 53
    wildcards: tumor=tumor_sample_1, chr=chr16

[Tue Nov  3 12:35:25 2020]
Finished job 44.
6 of 61 steps (10%) done

[Tue Nov  3 12:35:25 2020]
rule read_counter:
    input: /scratch/n/nicholsa/zyfniu/AN_WGS/20200908_HPV_HNSCC_WGS/Recal/HPV76-P.recal.bam
    output: results/readDepth/normal_sample_1.bin10000.wig
    log: logs/readDepth/normal_sample_1.bin10000.log
    jobid: 37
    wildcards: samples=normal_sample_1, binSize=10000
    resources: mem=4

[Tue Nov  3 12:35:25 2020]
Error in rule read_counter:
    jobid: 37
    output: results/readDepth/normal_sample_1.bin10000.wig
    log: logs/readDepth/normal_sample_1.bin10000.log (check log file(s) for error message)
    shell:
        singularity exec -B $SCRATCH/igenomes_ref,$SCRATCH/AN_WGS,$SCRATCH/AN_WGS/raw,$SCRATCH/singularity_images /gpfs/fs0/scratch/n/nicholsa/zyfniu/singularity_images/ichorcna_pz.simg readCounter /scratch/n/nicholsa/zyfniu/AN_WGS/20200908_HPV_HNSCC_WGS/Recal/HPV76-P.recal.bam -c chr1,chr2,chr3,chr4,chr5,chr6,chr7,chr8,chr9,chr10,chr11,chr12,chr13,chr14,chr15,chr16,chr17,chr18,chr19,chr20,chr21,chr22,chrX,chrY -w 10000 -q 20 > results/readDepth/normal_sample_1.bin10000.wig 2> logs/readDepth/normal_sample_1.bin10000.log
        (one of the commands exited with non-zero exit code; note that snakemake uses bash strict mode!)

Removing output files of failed job read_counter since they might be corrupted:
results/readDepth/normal_sample_1.bin10000.wig
[Tue Nov  3 12:41:55 2020]
Finished job 53.
7 of 61 steps (11%) done
[Tue Nov  3 12:45:49 2020]
Finished job 46.
8 of 61 steps (13%) done
[Tue Nov  3 12:50:30 2020]
Finished job 38.
9 of 61 steps (15%) done
Shutting down, this might take some time.
Exiting because a job execution failed. Look above for error message
Complete log: /gpfs/fs0/scratch/n/nicholsa/zyfniu/singularity_images/TitanCNA/scripts/snakemake/.snakemake/log/2020-11-03T121757.511079.snakemake.log
