Building DAG of jobs...
Using shell: /usr/bin/bash
Provided cores: 4
Rules claiming more threads will be scaled down.
Job counts:
	count	jobs
	1	all
	1	catAlleleCountFiles
	4	combineTitanAndIchorCNA
	1	copyOptSolution
	23	getAlleleCountsByChr
	23	getHETsites
	1	ichorCNA
	2	read_counter
	4	runTitanCNA
	1	selectSolution
	61

[Mon Nov  2 17:23:48 2020]
rule getHETsites:
    input: /scratch/n/nicholsa/zyfniu/AN_WGS/20200908_HPV_HNSCC_WGS/Recal/HPV76-P.recal.chr1.bam
    output: results/titan/hetPosns/tumor_sample_1/tumor_sample_1.chrchr7.vcf
    log: logs/titan/hetPosns/tumor_sample_1/tumor_sample_1.chrchr7.log
    jobid: 44
    wildcards: tumor=tumor_sample_1, chr=chr7


[Mon Nov  2 17:23:48 2020]
rule getHETsites:
    input: /scratch/n/nicholsa/zyfniu/AN_WGS/20200908_HPV_HNSCC_WGS/Recal/HPV76-P.recal.chr1.bam
    output: results/titan/hetPosns/tumor_sample_1/tumor_sample_1.chrchr14.vcf
    log: logs/titan/hetPosns/tumor_sample_1/tumor_sample_1.chrchr14.log
    jobid: 51
    wildcards: tumor=tumor_sample_1, chr=chr14


[Mon Nov  2 17:23:48 2020]
rule getHETsites:
    input: /scratch/n/nicholsa/zyfniu/AN_WGS/20200908_HPV_HNSCC_WGS/Recal/HPV76-P.recal.chr1.bam
    output: results/titan/hetPosns/tumor_sample_1/tumor_sample_1.chrchr22.vcf
    log: logs/titan/hetPosns/tumor_sample_1/tumor_sample_1.chrchr22.log
    jobid: 59
    wildcards: tumor=tumor_sample_1, chr=chr22


[Mon Nov  2 17:23:48 2020]
rule getHETsites:
    input: /scratch/n/nicholsa/zyfniu/AN_WGS/20200908_HPV_HNSCC_WGS/Recal/HPV76-P.recal.chr1.bam
    output: results/titan/hetPosns/tumor_sample_1/tumor_sample_1.chrchr8.vcf
    log: logs/titan/hetPosns/tumor_sample_1/tumor_sample_1.chrchr8.log
    jobid: 45
    wildcards: tumor=tumor_sample_1, chr=chr8

[Mon Nov  2 17:23:52 2020]
Error in rule getHETsites:
[Mon Nov  2 17:23:52 2020]
    jobid: 51
[Mon Nov  2 17:23:52 2020]
Error in rule getHETsites:
[Mon Nov  2 17:23:52 2020]
    output: results/titan/hetPosns/tumor_sample_1/tumor_sample_1.chrchr14.vcf
Error in rule getHETsites:
    jobid: 44
Error in rule getHETsites:
    log: logs/titan/hetPosns/tumor_sample_1/tumor_sample_1.chrchr14.log (check log file(s) for error message)
    jobid: 59
    output: results/titan/hetPosns/tumor_sample_1/tumor_sample_1.chrchr7.vcf
    jobid: 45
    shell:
        singularity exec -B $SCRATCH/igenomes_ref,$SCRATCH/AN_WGS,$SCRATCH/AN_WGS/raw,$SCRATCH/singularity_images /gpfs/fs0/scratch/n/nicholsa/zyfniu/singularity_images/nfcore-sarek-2.6.img samtools mpileup -uv -I -f /scratch/n/nicholsa/zyfniu/igenomes_ref/Homo_sapiens_assembly38.fasta -r chr14 -l /scratch/n/nicholsa/zyfniu/igenomes_ref/hapmap_3.3.hg38.vcf.gz /scratch/n/nicholsa/zyfniu/AN_WGS/20200908_HPV_HNSCC_WGS/Recal/HPV76-P.recal.chr1.bam | singularity exec -B $SCRATCH/igenomes_ref,$SCRATCH/AN_WGS,$SCRATCH/AN_WGS/raw,$SCRATCH/singularity_images /gpfs/fs0/scratch/n/nicholsa/zyfniu/singularity_images/nfcore-sarek-2.6.img bcftools call -v -c - | grep -e '0/1' -e '#' > results/titan/hetPosns/tumor_sample_1/tumor_sample_1.chrchr14.vcf 2> logs/titan/hetPosns/tumor_sample_1/tumor_sample_1.chrchr14.log
        (one of the commands exited with non-zero exit code; note that snakemake uses bash strict mode!)
    output: results/titan/hetPosns/tumor_sample_1/tumor_sample_1.chrchr22.vcf
    log: logs/titan/hetPosns/tumor_sample_1/tumor_sample_1.chrchr7.log (check log file(s) for error message)
    output: results/titan/hetPosns/tumor_sample_1/tumor_sample_1.chrchr8.vcf

    log: logs/titan/hetPosns/tumor_sample_1/tumor_sample_1.chrchr22.log (check log file(s) for error message)
    shell:
        singularity exec -B $SCRATCH/igenomes_ref,$SCRATCH/AN_WGS,$SCRATCH/AN_WGS/raw,$SCRATCH/singularity_images /gpfs/fs0/scratch/n/nicholsa/zyfniu/singularity_images/nfcore-sarek-2.6.img samtools mpileup -uv -I -f /scratch/n/nicholsa/zyfniu/igenomes_ref/Homo_sapiens_assembly38.fasta -r chr7 -l /scratch/n/nicholsa/zyfniu/igenomes_ref/hapmap_3.3.hg38.vcf.gz /scratch/n/nicholsa/zyfniu/AN_WGS/20200908_HPV_HNSCC_WGS/Recal/HPV76-P.recal.chr1.bam | singularity exec -B $SCRATCH/igenomes_ref,$SCRATCH/AN_WGS,$SCRATCH/AN_WGS/raw,$SCRATCH/singularity_images /gpfs/fs0/scratch/n/nicholsa/zyfniu/singularity_images/nfcore-sarek-2.6.img bcftools call -v -c - | grep -e '0/1' -e '#' > results/titan/hetPosns/tumor_sample_1/tumor_sample_1.chrchr7.vcf 2> logs/titan/hetPosns/tumor_sample_1/tumor_sample_1.chrchr7.log
        (one of the commands exited with non-zero exit code; note that snakemake uses bash strict mode!)
    log: logs/titan/hetPosns/tumor_sample_1/tumor_sample_1.chrchr8.log (check log file(s) for error message)
    shell:
        singularity exec -B $SCRATCH/igenomes_ref,$SCRATCH/AN_WGS,$SCRATCH/AN_WGS/raw,$SCRATCH/singularity_images /gpfs/fs0/scratch/n/nicholsa/zyfniu/singularity_images/nfcore-sarek-2.6.img samtools mpileup -uv -I -f /scratch/n/nicholsa/zyfniu/igenomes_ref/Homo_sapiens_assembly38.fasta -r chr22 -l /scratch/n/nicholsa/zyfniu/igenomes_ref/hapmap_3.3.hg38.vcf.gz /scratch/n/nicholsa/zyfniu/AN_WGS/20200908_HPV_HNSCC_WGS/Recal/HPV76-P.recal.chr1.bam | singularity exec -B $SCRATCH/igenomes_ref,$SCRATCH/AN_WGS,$SCRATCH/AN_WGS/raw,$SCRATCH/singularity_images /gpfs/fs0/scratch/n/nicholsa/zyfniu/singularity_images/nfcore-sarek-2.6.img bcftools call -v -c - | grep -e '0/1' -e '#' > results/titan/hetPosns/tumor_sample_1/tumor_sample_1.chrchr22.vcf 2> logs/titan/hetPosns/tumor_sample_1/tumor_sample_1.chrchr22.log
        (one of the commands exited with non-zero exit code; note that snakemake uses bash strict mode!)
Removing output files of failed job getHETsites since they might be corrupted:
results/titan/hetPosns/tumor_sample_1/tumor_sample_1.chrchr14.vcf

    shell:
        singularity exec -B $SCRATCH/igenomes_ref,$SCRATCH/AN_WGS,$SCRATCH/AN_WGS/raw,$SCRATCH/singularity_images /gpfs/fs0/scratch/n/nicholsa/zyfniu/singularity_images/nfcore-sarek-2.6.img samtools mpileup -uv -I -f /scratch/n/nicholsa/zyfniu/igenomes_ref/Homo_sapiens_assembly38.fasta -r chr8 -l /scratch/n/nicholsa/zyfniu/igenomes_ref/hapmap_3.3.hg38.vcf.gz /scratch/n/nicholsa/zyfniu/AN_WGS/20200908_HPV_HNSCC_WGS/Recal/HPV76-P.recal.chr1.bam | singularity exec -B $SCRATCH/igenomes_ref,$SCRATCH/AN_WGS,$SCRATCH/AN_WGS/raw,$SCRATCH/singularity_images /gpfs/fs0/scratch/n/nicholsa/zyfniu/singularity_images/nfcore-sarek-2.6.img bcftools call -v -c - | grep -e '0/1' -e '#' > results/titan/hetPosns/tumor_sample_1/tumor_sample_1.chrchr8.vcf 2> logs/titan/hetPosns/tumor_sample_1/tumor_sample_1.chrchr8.log
        (one of the commands exited with non-zero exit code; note that snakemake uses bash strict mode!)


Removing output files of failed job getHETsites since they might be corrupted:
results/titan/hetPosns/tumor_sample_1/tumor_sample_1.chrchr7.vcf
Removing output files of failed job getHETsites since they might be corrupted:
results/titan/hetPosns/tumor_sample_1/tumor_sample_1.chrchr22.vcf
Removing output files of failed job getHETsites since they might be corrupted:
results/titan/hetPosns/tumor_sample_1/tumor_sample_1.chrchr8.vcf
Shutting down, this might take some time.
Exiting because a job execution failed. Look above for error message
Complete log: /gpfs/fs0/scratch/n/nicholsa/zyfniu/singularity_images/TitanCNA/scripts/snakemake/.snakemake/log/2020-11-02T172347.471250.snakemake.log
