Building DAG of jobs...
Using shell: /usr/bin/bash
Provided cores: 4
Rules claiming more threads will be scaled down.
Job counts:
	count	jobs
	1	all
	1	catAlleleCountFiles
	4	combineTitanAndIchorCNA
	1	copyOptSolution
	23	getAlleleCountsByChr
	1	ichorCNA
	1	read_counter
	4	runTitanCNA
	1	selectSolution
	37

[Tue Nov  3 10:31:03 2020]
rule getAlleleCountsByChr:
    input: results/titan/hetPosns/tumor_sample_1/tumor_sample_1.chrchr15.vcf, /scratch/n/nicholsa/zyfniu/AN_WGS/20200908_HPV_HNSCC_WGS/Recal/HPV76-N.recal.chr1.bam
    output: results/titan/tumCounts/tumor_sample_1/tumor_sample_1.tumCounts.chrchr15.txt
    log: logs/titan/tumCounts/tumor_sample_1/tumor_sample_1.chrchr15.log
    jobid: 27
    wildcards: tumor=tumor_sample_1, chr=chr15


[Tue Nov  3 10:31:03 2020]
rule getAlleleCountsByChr:
    input: results/titan/hetPosns/tumor_sample_1/tumor_sample_1.chrchr22.vcf, /scratch/n/nicholsa/zyfniu/AN_WGS/20200908_HPV_HNSCC_WGS/Recal/HPV76-N.recal.chr1.bam
    output: results/titan/tumCounts/tumor_sample_1/tumor_sample_1.tumCounts.chrchr22.txt
    log: logs/titan/tumCounts/tumor_sample_1/tumor_sample_1.chrchr22.log
    jobid: 34
    wildcards: tumor=tumor_sample_1, chr=chr22


[Tue Nov  3 10:31:03 2020]
rule getAlleleCountsByChr:
    input: results/titan/hetPosns/tumor_sample_1/tumor_sample_1.chrchr1.vcf, /scratch/n/nicholsa/zyfniu/AN_WGS/20200908_HPV_HNSCC_WGS/Recal/HPV76-N.recal.chr1.bam
    output: results/titan/tumCounts/tumor_sample_1/tumor_sample_1.tumCounts.chrchr1.txt
    log: logs/titan/tumCounts/tumor_sample_1/tumor_sample_1.chrchr1.log
    jobid: 13
    wildcards: tumor=tumor_sample_1, chr=chr1


[Tue Nov  3 10:31:03 2020]
rule getAlleleCountsByChr:
    input: results/titan/hetPosns/tumor_sample_1/tumor_sample_1.chrchr16.vcf, /scratch/n/nicholsa/zyfniu/AN_WGS/20200908_HPV_HNSCC_WGS/Recal/HPV76-N.recal.chr1.bam
    output: results/titan/tumCounts/tumor_sample_1/tumor_sample_1.tumCounts.chrchr16.txt
    log: logs/titan/tumCounts/tumor_sample_1/tumor_sample_1.chrchr16.log
    jobid: 28
    wildcards: tumor=tumor_sample_1, chr=chr16

[Tue Nov  3 10:31:03 2020]
Error in rule getAlleleCountsByChr:
[Tue Nov  3 10:31:03 2020]
    jobid: 27
[Tue Nov  3 10:31:03 2020]
Error in rule getAlleleCountsByChr:
    output: results/titan/tumCounts/tumor_sample_1/tumor_sample_1.tumCounts.chrchr15.txt
Error in rule getAlleleCountsByChr:
    jobid: 34
[Tue Nov  3 10:31:03 2020]
    log: logs/titan/tumCounts/tumor_sample_1/tumor_sample_1.chrchr15.log (check log file(s) for error message)
    jobid: 28
    output: results/titan/tumCounts/tumor_sample_1/tumor_sample_1.tumCounts.chrchr22.txt
Error in rule getAlleleCountsByChr:
    shell:
        python /scratch/n/nicholsa/zyfniu/singularity_images/TitanCNA/scripts/snakemake/code/countPysam.py chr15 results/titan/hetPosns/tumor_sample_1/tumor_sample_1.chrchr15.vcf /scratch/n/nicholsa/zyfniu/AN_WGS/20200908_HPV_HNSCC_WGS/Recal/HPV76-N.recal.chr1.bam 10 10 100 > results/titan/tumCounts/tumor_sample_1/tumor_sample_1.tumCounts.chrchr15.txt 2> logs/titan/tumCounts/tumor_sample_1/tumor_sample_1.chrchr15.log
        (one of the commands exited with non-zero exit code; note that snakemake uses bash strict mode!)
    output: results/titan/tumCounts/tumor_sample_1/tumor_sample_1.tumCounts.chrchr16.txt
    log: logs/titan/tumCounts/tumor_sample_1/tumor_sample_1.chrchr22.log (check log file(s) for error message)
    jobid: 13

    log: logs/titan/tumCounts/tumor_sample_1/tumor_sample_1.chrchr16.log (check log file(s) for error message)
    shell:
        python /scratch/n/nicholsa/zyfniu/singularity_images/TitanCNA/scripts/snakemake/code/countPysam.py chr22 results/titan/hetPosns/tumor_sample_1/tumor_sample_1.chrchr22.vcf /scratch/n/nicholsa/zyfniu/AN_WGS/20200908_HPV_HNSCC_WGS/Recal/HPV76-N.recal.chr1.bam 10 10 100 > results/titan/tumCounts/tumor_sample_1/tumor_sample_1.tumCounts.chrchr22.txt 2> logs/titan/tumCounts/tumor_sample_1/tumor_sample_1.chrchr22.log
        (one of the commands exited with non-zero exit code; note that snakemake uses bash strict mode!)
    output: results/titan/tumCounts/tumor_sample_1/tumor_sample_1.tumCounts.chrchr1.txt
    shell:
        python /scratch/n/nicholsa/zyfniu/singularity_images/TitanCNA/scripts/snakemake/code/countPysam.py chr16 results/titan/hetPosns/tumor_sample_1/tumor_sample_1.chrchr16.vcf /scratch/n/nicholsa/zyfniu/AN_WGS/20200908_HPV_HNSCC_WGS/Recal/HPV76-N.recal.chr1.bam 10 10 100 > results/titan/tumCounts/tumor_sample_1/tumor_sample_1.tumCounts.chrchr16.txt 2> logs/titan/tumCounts/tumor_sample_1/tumor_sample_1.chrchr16.log
        (one of the commands exited with non-zero exit code; note that snakemake uses bash strict mode!)
Removing output files of failed job getAlleleCountsByChr since they might be corrupted:
results/titan/tumCounts/tumor_sample_1/tumor_sample_1.tumCounts.chrchr15.txt

    log: logs/titan/tumCounts/tumor_sample_1/tumor_sample_1.chrchr1.log (check log file(s) for error message)

    shell:
        python /scratch/n/nicholsa/zyfniu/singularity_images/TitanCNA/scripts/snakemake/code/countPysam.py chr1 results/titan/hetPosns/tumor_sample_1/tumor_sample_1.chrchr1.vcf /scratch/n/nicholsa/zyfniu/AN_WGS/20200908_HPV_HNSCC_WGS/Recal/HPV76-N.recal.chr1.bam 10 10 100 > results/titan/tumCounts/tumor_sample_1/tumor_sample_1.tumCounts.chrchr1.txt 2> logs/titan/tumCounts/tumor_sample_1/tumor_sample_1.chrchr1.log
        (one of the commands exited with non-zero exit code; note that snakemake uses bash strict mode!)

Removing output files of failed job getAlleleCountsByChr since they might be corrupted:
results/titan/tumCounts/tumor_sample_1/tumor_sample_1.tumCounts.chrchr22.txt
Removing output files of failed job getAlleleCountsByChr since they might be corrupted:
results/titan/tumCounts/tumor_sample_1/tumor_sample_1.tumCounts.chrchr16.txt
Removing output files of failed job getAlleleCountsByChr since they might be corrupted:
results/titan/tumCounts/tumor_sample_1/tumor_sample_1.tumCounts.chrchr1.txt
Shutting down, this might take some time.
Exiting because a job execution failed. Look above for error message
Complete log: /gpfs/fs0/scratch/n/nicholsa/zyfniu/singularity_images/TitanCNA/scripts/snakemake/.snakemake/log/2020-11-03T103101.729065.snakemake.log
