Building DAG of jobs...
Using shell: /usr/bin/bash
Provided cores: 4
Rules claiming more threads will be scaled down.
Job counts:
	count	jobs
	1	all
	1	catAlleleCountFiles
	4	combineTitanAndIchorCNA
	1	copyOptSolution
	1	ichorCNA
	4	runTitanCNA
	1	selectSolution
	13

[Tue Nov  3 11:02:56 2020]
rule ichorCNA:
    input: results/readDepth/tumor_sample_1.bin10000.wig, results/readDepth/normal_sample_1.bin10000.wig
    output: results/ichorCNA/tumor_sample_1/tumor_sample_1.correctedDepth.txt, results/ichorCNA/tumor_sample_1/tumor_sample_1.params.txt, results/ichorCNA/tumor_sample_1/tumor_sample_1.cna.seg, results/ichorCNA/tumor_sample_1/tumor_sample_1.seg.txt
    log: logs/ichorCNA/tumor_sample_1.log
    jobid: 12
    wildcards: tumor=tumor_sample_1
    resources: mem=4


[Tue Nov  3 11:02:56 2020]
rule catAlleleCountFiles:
    input: results/titan/tumCounts/tumor_sample_1/tumor_sample_1.tumCounts.chrchr1.txt, results/titan/tumCounts/tumor_sample_1/tumor_sample_1.tumCounts.chrchr2.txt, results/titan/tumCounts/tumor_sample_1/tumor_sample_1.tumCounts.chrchr3.txt, results/titan/tumCounts/tumor_sample_1/tumor_sample_1.tumCounts.chrchr4.txt, results/titan/tumCounts/tumor_sample_1/tumor_sample_1.tumCounts.chrchr5.txt, results/titan/tumCounts/tumor_sample_1/tumor_sample_1.tumCounts.chrchr6.txt, results/titan/tumCounts/tumor_sample_1/tumor_sample_1.tumCounts.chrchr7.txt, results/titan/tumCounts/tumor_sample_1/tumor_sample_1.tumCounts.chrchr8.txt, results/titan/tumCounts/tumor_sample_1/tumor_sample_1.tumCounts.chrchr9.txt, results/titan/tumCounts/tumor_sample_1/tumor_sample_1.tumCounts.chrchr10.txt, results/titan/tumCounts/tumor_sample_1/tumor_sample_1.tumCounts.chrchr11.txt, results/titan/tumCounts/tumor_sample_1/tumor_sample_1.tumCounts.chrchr12.txt, results/titan/tumCounts/tumor_sample_1/tumor_sample_1.tumCounts.chrchr13.txt, results/titan/tumCounts/tumor_sample_1/tumor_sample_1.tumCounts.chrchr14.txt, results/titan/tumCounts/tumor_sample_1/tumor_sample_1.tumCounts.chrchr15.txt, results/titan/tumCounts/tumor_sample_1/tumor_sample_1.tumCounts.chrchr16.txt, results/titan/tumCounts/tumor_sample_1/tumor_sample_1.tumCounts.chrchr17.txt, results/titan/tumCounts/tumor_sample_1/tumor_sample_1.tumCounts.chrchr18.txt, results/titan/tumCounts/tumor_sample_1/tumor_sample_1.tumCounts.chrchr19.txt, results/titan/tumCounts/tumor_sample_1/tumor_sample_1.tumCounts.chrchr20.txt, results/titan/tumCounts/tumor_sample_1/tumor_sample_1.tumCounts.chrchr21.txt, results/titan/tumCounts/tumor_sample_1/tumor_sample_1.tumCounts.chrchr22.txt, results/titan/tumCounts/tumor_sample_1/tumor_sample_1.tumCounts.chrchrX.txt
    output: results/titan/tumCounts/tumor_sample_1.tumCounts.txt
    log: logs/titan/tumCounts/tumor_sample_1/tumor_sample_1.cat.log
    jobid: 11
    wildcards: tumor=tumor_sample_1

[Tue Nov  3 11:02:56 2020]
Finished job 11.
1 of 13 steps (8%) done
[Tue Nov  3 11:02:57 2020]
Error in rule ichorCNA:
    jobid: 12
    output: results/ichorCNA/tumor_sample_1/tumor_sample_1.correctedDepth.txt, results/ichorCNA/tumor_sample_1/tumor_sample_1.params.txt, results/ichorCNA/tumor_sample_1/tumor_sample_1.cna.seg, results/ichorCNA/tumor_sample_1/tumor_sample_1.seg.txt
    log: logs/ichorCNA/tumor_sample_1.log (check log file(s) for error message)
    shell:
        singularity exec -B $SCRATCH/igenomes_ref,$SCRATCH/AN_WGS,$SCRATCH/AN_WGS/raw,$SCRATCH/singularity_images /gpfs/fs0/scratch/n/nicholsa/zyfniu/singularity_images/ichorcna_pz.simg Rscript /scratch/n/nicholsa/zyfniu/singularity_images/ichorCNA/scripts/runIchorCNA.R --libdir /scratch/n/nicholsa/zyfniu/singularity_images/ichorCNA/R --id tumor_sample_1 --WIG results/readDepth/tumor_sample_1.bin10000.wig --gcWig /scratch/n/nicholsa/zyfniu/igenomes_ref/gc_hg19_10kb.wig --mapWig /scratch/n/nicholsa/zyfniu/igenomes_ref/map_hg19_10kb.wig --NORMWIG results/readDepth/normal_sample_1.bin10000.wig --ploidy "c(2,3)" --normal "c(0.5)" --maxCN 8 --includeHOMD False --genomeStyle UCSC --chrs "c(1:22, \"X\")" --estimateNormal True --estimatePloidy True --estimateScPrevalence True --scStates "c(1,3)" --centromere /scratch/n/nicholsa/zyfniu/igenomes_ref/GRCh38.GCA_000001405.2_centromere_acen.txt --exons.bed None --txnE 0.9999 --txnStrength 10000 --fracReadsInChrYForMale 0.001 --plotFileType png --plotYLim "c(-2,4)" --outDir results/ichorCNA/tumor_sample_1/ > logs/ichorCNA/tumor_sample_1.log 2> logs/ichorCNA/tumor_sample_1.log
        (one of the commands exited with non-zero exit code; note that snakemake uses bash strict mode!)

Shutting down, this might take some time.
Exiting because a job execution failed. Look above for error message
Complete log: /gpfs/fs0/scratch/n/nicholsa/zyfniu/singularity_images/TitanCNA/scripts/snakemake/.snakemake/log/2020-11-03T110255.852592.snakemake.log
