Building DAG of jobs...
Using shell: /usr/bin/bash
Provided cluster nodes: 20
Job counts:
	count	jobs
	1	all
	1	filter_bam
	2
[Wed Feb 10 08:55:35 2021]

group job ichor (jobs in lexicogr. order):

    [Wed Feb 10 08:55:35 2021]
    rule filter_bam:
        input: /scratch/n/nicholsa/zyfniu/AN_WGS/20210118_HPV_WGS/Recal/HPV33-R.recal.bam
        output: /scratch/n/nicholsa/zyfniu/singularity_images/TitanCNA/scripts/snakemake/results/tumor_sample_1.filtered.bam
        jobid: 1
        wildcards: samples=tumor_sample_1
        threads: 80

Submitted group job 6b93ecae-4b3c-55f2-a82c-a3924fc24d96 with external jobid 'Submitted batch job 4826133'.
[Wed Feb 10 09:27:57 2021]
Finished job 1.
1 of 2 steps (50%) done

[Wed Feb 10 09:27:57 2021]
localrule all:
    input: /scratch/n/nicholsa/zyfniu/singularity_images/TitanCNA/scripts/snakemake/results/tumor_sample_1.filtered.bam, /scratch/n/nicholsa/zyfniu/singularity_images/TitanCNA/scripts/snakemake/results/normal_sample_1.filtered.bam
    jobid: 0

[Wed Feb 10 09:27:57 2021]
Finished job 0.
2 of 2 steps (100%) done
Complete log: /gpfs/fs0/scratch/n/nicholsa/zyfniu/singularity_images/TitanCNA/scripts/snakemake/.snakemake/log/2021-02-10T085535.503591.snakemake.log
