Building DAG of jobs...
Using shell: /usr/bin/bash
Provided cores: 4
Rules claiming more threads will be scaled down.
Job counts:
	count	jobs
	1	all
	1	catAlleleCountFiles
	4	combineTitanAndIchorCNA
	1	copyOptSolution
	2	filter_bam
	23	getAlleleCountsByChr
	23	getHETsites
	1	ichorCNA
	2	read_counter
	4	runTitanCNA
	1	selectSolution
	63

[Tue Feb  9 19:59:46 2021]
rule filter_bam:
    input: /scratch/n/nicholsa/zyfniu/AN_WGS/20210118_HPV_WGS/Recal/HPV33-R.recal.bam
    output: results/bam/tumor_sample_1.filtered.bam
    jobid: 61
    wildcards: samples=tumor_sample_1
    threads: 4

Terminating processes on user request, this might take some time.
[Tue Feb  9 20:01:20 2021]
Error in rule filter_bam:
    jobid: 61
    output: results/bam/tumor_sample_1.filtered.bam
    shell:
        singularity exec -B $SCRATCH/igenomes_ref,$SCRATCH/AN_WGS,$SCRATCH/AN_WGS/raw,$SCRATCH/singularity_images /gpfs/fs0/scratch/n/nicholsa/zyfniu/singularity_images/nfcore-sarek-2.6.img samtools view -L /scratch/n/nicholsa/zyfniu/igenomes_ref/hg38.chrom.bed -@ 4 -o results/bam/tumor_sample_1.filtered.bam /scratch/n/nicholsa/zyfniu/AN_WGS/20210118_HPV_WGS/Recal/HPV33-R.recal.bam
        (one of the commands exited with non-zero exit code; note that snakemake uses bash strict mode!)

Removing output files of failed job filter_bam since they might be corrupted:
results/bam/tumor_sample_1.filtered.bam
Complete log: /gpfs/fs0/scratch/n/nicholsa/zyfniu/singularity_images/TitanCNA/scripts/snakemake/.snakemake/log/2021-02-09T195946.494127.snakemake.log
