Building DAG of jobs...
Using shell: /usr/bin/bash
Provided cores: 1 (use --cores to define parallelism)
Rules claiming more threads will be scaled down.
Job counts:
	count	jobs
	1	all
	1	catAlleleCountFiles
	4	combineTitanAndIchorCNA
	1	copyOptSolution
	23	getAlleleCountsByChr
	23	getHETsites
	1	ichorCNA
	1	read_counter
	4	runTitanCNA
	1	selectSolution
	60

[Tue Feb  9 22:38:29 2021]
rule getHETsites:
    input: results/normal_sample_1.filtered.bam
    output: results/titan/hetPosns/tumor_sample_1/tumor_sample_1.chrchr7.vcf
    log: logs/titan/hetPosns/tumor_sample_1/tumor_sample_1.chrchr7.log
    jobid: 44
    wildcards: tumor=tumor_sample_1, chr=chr7

[Tue Feb  9 22:38:32 2021]
Error in rule getHETsites:
    jobid: 44
    output: results/titan/hetPosns/tumor_sample_1/tumor_sample_1.chrchr7.vcf
    log: logs/titan/hetPosns/tumor_sample_1/tumor_sample_1.chrchr7.log (check log file(s) for error message)
    shell:
        singularity exec -B $SCRATCH/igenomes_ref,$SCRATCH/AN_WGS,$SCRATCH/AN_WGS/raw,$SCRATCH/singularity_images,/scratch/n/nicholsa/zyfniu/singularity_images/TitanCNA/scripts/snakemake /gpfs/fs0/scratch/n/nicholsa/zyfniu/singularity_images/nfcore-sarek-2.6.img samtools mpileup -uv -I -f /scratch/n/nicholsa/zyfniu/igenomes_ref/Homo_sapiens_assembly38.fasta -r chr7 -l /scratch/n/nicholsa/zyfniu/igenomes_ref/hapmap_3.3.hg38.vcf.gz results/normal_sample_1.filtered.bam | singularity exec -B $SCRATCH/igenomes_ref,$SCRATCH/AN_WGS,$SCRATCH/AN_WGS/raw,$SCRATCH/singularity_images,/scratch/n/nicholsa/zyfniu/singularity_images/TitanCNA/scripts/snakemake /gpfs/fs0/scratch/n/nicholsa/zyfniu/singularity_images/nfcore-sarek-2.6.img bcftools call -v -c - | grep -e '0/1' -e '#' > results/titan/hetPosns/tumor_sample_1/tumor_sample_1.chrchr7.vcf 2> logs/titan/hetPosns/tumor_sample_1/tumor_sample_1.chrchr7.log
        (one of the commands exited with non-zero exit code; note that snakemake uses bash strict mode!)

Removing output files of failed job getHETsites since they might be corrupted:
results/titan/hetPosns/tumor_sample_1/tumor_sample_1.chrchr7.vcf
Shutting down, this might take some time.
Exiting because a job execution failed. Look above for error message
Complete log: /gpfs/fs0/scratch/n/nicholsa/zyfniu/singularity_images/TitanCNA/scripts/snakemake/.snakemake/log/2021-02-09T223829.320271.snakemake.log
