Building DAG of jobs...
Using shell: /usr/bin/bash
Provided cluster nodes: 4
Job counts:
	count	jobs
	1	all
	4	combineTitanAndIchorCNA
	1	copyOptSolution
	1	ichorCNA
	4	runTitanCNA
	1	selectSolution
	12
[Mon Feb 15 12:58:22 2021]

group job ichor (jobs in lexicogr. order):

    [Mon Feb 15 12:58:22 2021]
    rule combineTitanAndIchorCNA:
        input: results/titan/hmm/titanCNA_ploidy3/tumor_sample_1_cluster1.segs.txt, results/titan/hmm/titanCNA_ploidy3/tumor_sample_1_cluster1.titan.txt, results/titan/hmm/titanCNA_ploidy3/tumor_sample_1_cluster1.params.txt, results/ichorCNA/tumor_sample_1/tumor_sample_1.seg.txt, results/ichorCNA/tumor_sample_1/tumor_sample_1.cna.seg, results/ichorCNA/tumor_sample_1/tumor_sample_1.params.txt
        output: results/titan/hmm/titanCNA_ploidy3/tumor_sample_1_cluster1.titan.ichor.seg.txt, results/titan/hmm/titanCNA_ploidy3/tumor_sample_1_cluster1.titan.ichor.cna.txt
        log: logs/titan/hmm/titanCNA_ploidy3/tumor_sample_1_cluster1.combineTitanIchorCNA.log
        jobid: 6
        wildcards: ploidy=3, tumor=tumor_sample_1, clustNum=1
        threads: 2


    [Mon Feb 15 12:58:22 2021]
    rule combineTitanAndIchorCNA:
        input: results/titan/hmm/titanCNA_ploidy3/tumor_sample_1_cluster2.segs.txt, results/titan/hmm/titanCNA_ploidy3/tumor_sample_1_cluster2.titan.txt, results/titan/hmm/titanCNA_ploidy3/tumor_sample_1_cluster2.params.txt, results/ichorCNA/tumor_sample_1/tumor_sample_1.seg.txt, results/ichorCNA/tumor_sample_1/tumor_sample_1.cna.seg, results/ichorCNA/tumor_sample_1/tumor_sample_1.params.txt
        output: results/titan/hmm/titanCNA_ploidy3/tumor_sample_1_cluster2.titan.ichor.seg.txt, results/titan/hmm/titanCNA_ploidy3/tumor_sample_1_cluster2.titan.ichor.cna.txt
        log: logs/titan/hmm/titanCNA_ploidy3/tumor_sample_1_cluster2.combineTitanIchorCNA.log
        jobid: 8
        wildcards: ploidy=3, tumor=tumor_sample_1, clustNum=2
        threads: 2


    [Mon Feb 15 12:58:22 2021]
    rule combineTitanAndIchorCNA:
        input: results/titan/hmm/titanCNA_ploidy2/tumor_sample_1_cluster1.segs.txt, results/titan/hmm/titanCNA_ploidy2/tumor_sample_1_cluster1.titan.txt, results/titan/hmm/titanCNA_ploidy2/tumor_sample_1_cluster1.params.txt, results/ichorCNA/tumor_sample_1/tumor_sample_1.seg.txt, results/ichorCNA/tumor_sample_1/tumor_sample_1.cna.seg, results/ichorCNA/tumor_sample_1/tumor_sample_1.params.txt
        output: results/titan/hmm/titanCNA_ploidy2/tumor_sample_1_cluster1.titan.ichor.seg.txt, results/titan/hmm/titanCNA_ploidy2/tumor_sample_1_cluster1.titan.ichor.cna.txt
        log: logs/titan/hmm/titanCNA_ploidy2/tumor_sample_1_cluster1.combineTitanIchorCNA.log
        jobid: 5
        wildcards: ploidy=2, tumor=tumor_sample_1, clustNum=1
        threads: 2


    [Mon Feb 15 12:58:22 2021]
    rule combineTitanAndIchorCNA:
        input: results/titan/hmm/titanCNA_ploidy2/tumor_sample_1_cluster2.segs.txt, results/titan/hmm/titanCNA_ploidy2/tumor_sample_1_cluster2.titan.txt, results/titan/hmm/titanCNA_ploidy2/tumor_sample_1_cluster2.params.txt, results/ichorCNA/tumor_sample_1/tumor_sample_1.seg.txt, results/ichorCNA/tumor_sample_1/tumor_sample_1.cna.seg, results/ichorCNA/tumor_sample_1/tumor_sample_1.params.txt
        output: results/titan/hmm/titanCNA_ploidy2/tumor_sample_1_cluster2.titan.ichor.seg.txt, results/titan/hmm/titanCNA_ploidy2/tumor_sample_1_cluster2.titan.ichor.cna.txt
        log: logs/titan/hmm/titanCNA_ploidy2/tumor_sample_1_cluster2.combineTitanIchorCNA.log
        jobid: 7
        wildcards: ploidy=2, tumor=tumor_sample_1, clustNum=2
        threads: 2


    [Mon Feb 15 12:58:22 2021]
    rule copyOptSolution:
        input: results/titan/hmm/optimalClusterSolution.txt
        output: results/titan/hmm/optimalClusterSolution/
        log: logs/titan/hmm/optSolution/copyOptSolution.log
        jobid: 10
        threads: 2


    [Mon Feb 15 12:58:22 2021]
    rule ichorCNA:
        input: results/readDepth/tumor_sample_1.bin10000.wig, results/readDepth/normal_sample_1.bin10000.wig
        output: results/ichorCNA/tumor_sample_1/tumor_sample_1.correctedDepth.txt, results/ichorCNA/tumor_sample_1/tumor_sample_1.params.txt, results/ichorCNA/tumor_sample_1/tumor_sample_1.cna.seg, results/ichorCNA/tumor_sample_1/tumor_sample_1.seg.txt
        log: logs/ichorCNA/tumor_sample_1.log
        jobid: 12
        wildcards: tumor=tumor_sample_1
        resources: mem=4


    [Mon Feb 15 12:58:22 2021]
    rule runTitanCNA:
        input: results/titan/tumCounts/tumor_sample_1.tumCounts.txt, results/ichorCNA/tumor_sample_1/tumor_sample_1.correctedDepth.txt
        output: results/titan/hmm/titanCNA_ploidy2/tumor_sample_1_cluster1.titan.txt, results/titan/hmm/titanCNA_ploidy2/tumor_sample_1_cluster1.params.txt, results/titan/hmm/titanCNA_ploidy2/tumor_sample_1_cluster1.segs.txt, results/titan/hmm/titanCNA_ploidy2/tumor_sample_1_cluster1.seg
        log: logs/titan/hmm/titanCNA_ploidy2/run_titanCNA_tumor_sample_1_cluster1.log
        jobid: 1
        wildcards: ploidy=2, tumor=tumor_sample_1, clustNum=1
        threads: 2


    [Mon Feb 15 12:58:22 2021]
    rule runTitanCNA:
        input: results/titan/tumCounts/tumor_sample_1.tumCounts.txt, results/ichorCNA/tumor_sample_1/tumor_sample_1.correctedDepth.txt
        output: results/titan/hmm/titanCNA_ploidy2/tumor_sample_1_cluster2.titan.txt, results/titan/hmm/titanCNA_ploidy2/tumor_sample_1_cluster2.params.txt, results/titan/hmm/titanCNA_ploidy2/tumor_sample_1_cluster2.segs.txt, results/titan/hmm/titanCNA_ploidy2/tumor_sample_1_cluster2.seg
        log: logs/titan/hmm/titanCNA_ploidy2/run_titanCNA_tumor_sample_1_cluster2.log
        jobid: 3
        wildcards: ploidy=2, tumor=tumor_sample_1, clustNum=2
        threads: 2


    [Mon Feb 15 12:58:22 2021]
    rule runTitanCNA:
        input: results/titan/tumCounts/tumor_sample_1.tumCounts.txt, results/ichorCNA/tumor_sample_1/tumor_sample_1.correctedDepth.txt
        output: results/titan/hmm/titanCNA_ploidy3/tumor_sample_1_cluster2.titan.txt, results/titan/hmm/titanCNA_ploidy3/tumor_sample_1_cluster2.params.txt, results/titan/hmm/titanCNA_ploidy3/tumor_sample_1_cluster2.segs.txt, results/titan/hmm/titanCNA_ploidy3/tumor_sample_1_cluster2.seg
        log: logs/titan/hmm/titanCNA_ploidy3/run_titanCNA_tumor_sample_1_cluster2.log
        jobid: 4
        wildcards: ploidy=3, tumor=tumor_sample_1, clustNum=2
        threads: 2


    [Mon Feb 15 12:58:22 2021]
    rule runTitanCNA:
        input: results/titan/tumCounts/tumor_sample_1.tumCounts.txt, results/ichorCNA/tumor_sample_1/tumor_sample_1.correctedDepth.txt
        output: results/titan/hmm/titanCNA_ploidy3/tumor_sample_1_cluster1.titan.txt, results/titan/hmm/titanCNA_ploidy3/tumor_sample_1_cluster1.params.txt, results/titan/hmm/titanCNA_ploidy3/tumor_sample_1_cluster1.segs.txt, results/titan/hmm/titanCNA_ploidy3/tumor_sample_1_cluster1.seg
        log: logs/titan/hmm/titanCNA_ploidy3/run_titanCNA_tumor_sample_1_cluster1.log
        jobid: 2
        wildcards: ploidy=3, tumor=tumor_sample_1, clustNum=1
        threads: 2


    [Mon Feb 15 12:58:22 2021]
    rule selectSolution:
        input: results/titan/hmm/titanCNA_ploidy2/tumor_sample_1_cluster1.titan.txt, results/titan/hmm/titanCNA_ploidy3/tumor_sample_1_cluster1.titan.txt, results/titan/hmm/titanCNA_ploidy2/tumor_sample_1_cluster2.titan.txt, results/titan/hmm/titanCNA_ploidy3/tumor_sample_1_cluster2.titan.txt
        output: results/titan/hmm/optimalClusterSolution.txt
        log: logs/titan/selectSolution.log
        jobid: 9
        threads: 2

Submitted group job c73d9a21-a993-5e62-bfea-8f342637b021 with external jobid 'Submitted batch job 4851394'.
[Mon Feb 15 13:00:42 2021]
Error in group job ichor:
    [Mon Feb 15 13:00:42 2021]
    Error in rule runTitanCNA:
        jobid: 1
        output: results/titan/hmm/titanCNA_ploidy2/tumor_sample_1_cluster1.titan.txt, results/titan/hmm/titanCNA_ploidy2/tumor_sample_1_cluster1.params.txt, results/titan/hmm/titanCNA_ploidy2/tumor_sample_1_cluster1.segs.txt, results/titan/hmm/titanCNA_ploidy2/tumor_sample_1_cluster1.seg
        log: logs/titan/hmm/titanCNA_ploidy2/run_titanCNA_tumor_sample_1_cluster1.log (check log file(s) for error message)
        shell:
        singularity exec -B $SCRATCH/igenomes_ref,$SCRATCH/AN_WGS,$SCRATCH/AN_WGS/raw,$SCRATCH/singularity_images /gpfs/fs0/scratch/n/nicholsa/zyfniu/singularity_images/ichorcna_pz.simg Rscript /scratch/n/nicholsa/zyfniu/singularity_images/TitanCNA/scripts/R_scripts/titanCNA.R --hetFile results/titan/tumCounts/tumor_sample_1.tumCounts.txt --cnFile results/ichorCNA/tumor_sample_1/tumor_sample_1.correctedDepth.txt --outFile results/titan/hmm/titanCNA_ploidy2/tumor_sample_1_cluster1.titan.txt --outSeg results/titan/hmm/titanCNA_ploidy2/tumor_sample_1_cluster1.segs.txt --outParam results/titan/hmm/titanCNA_ploidy2/tumor_sample_1_cluster1.params.txt --outIGV results/titan/hmm/titanCNA_ploidy2/tumor_sample_1_cluster1.seg --outPlotDir results/titan/hmm/titanCNA_ploidy2/tumor_sample_1_cluster1/ --libdir /scratch/n/nicholsa/zyfniu/singularity_images/TitanCNA/R/ --id tumor_sample_1 --numClusters 1 --numCores 80 --normal_0 0.5 --ploidy_0 2 --genomeStyle UCSC --genomeBuild hg38 --cytobandFile /scratch/n/nicholsa/zyfniu/igenomes_ref/cytoBand_hg38.txt --chrs "c(1:22, \"X\")" --gender male --estimateNormal map --estimatePloidy True --estimateClonality True  --centromere /scratch/n/nicholsa/zyfniu/igenomes_ref/GRCh38.GCA_000001405.2_centromere_acen.txt --alphaK 10000 --txnExpLen 1e15 --plotYlim "c(-2,4)" > logs/titan/hmm/titanCNA_ploidy2/run_titanCNA_tumor_sample_1_cluster1.log 2> logs/titan/hmm/titanCNA_ploidy2/run_titanCNA_tumor_sample_1_cluster1.log
        (one of the commands exited with non-zero exit code; note that snakemake uses bash strict mode!)
        cluster_jobid: Submitted batch job 4851394

    [Mon Feb 15 13:00:42 2021]
    Error in rule ichorCNA:
        jobid: 12
        output: results/ichorCNA/tumor_sample_1/tumor_sample_1.correctedDepth.txt, results/ichorCNA/tumor_sample_1/tumor_sample_1.params.txt, results/ichorCNA/tumor_sample_1/tumor_sample_1.cna.seg, results/ichorCNA/tumor_sample_1/tumor_sample_1.seg.txt
        log: logs/ichorCNA/tumor_sample_1.log (check log file(s) for error message)
        shell:
        singularity exec -B $SCRATCH/igenomes_ref,$SCRATCH/AN_WGS,$SCRATCH/AN_WGS/raw,$SCRATCH/singularity_images /gpfs/fs0/scratch/n/nicholsa/zyfniu/singularity_images/ichorcna_pz.simg Rscript /scratch/n/nicholsa/zyfniu/singularity_images/ichorCNA/scripts/runIchorCNA.R --libdir /scratch/n/nicholsa/zyfniu/singularity_images/ichorCNA/ --id tumor_sample_1 --WIG results/readDepth/tumor_sample_1.bin10000.wig --gcWig /scratch/n/nicholsa/zyfniu/igenomes_ref/gc_hg38_10kb.wig --mapWig /scratch/n/nicholsa/zyfniu/igenomes_ref/map_hg38_10kb.wig --NORMWIG results/readDepth/normal_sample_1.bin10000.wig --ploidy "c(2,3)" --normal "c(0.5)" --maxCN 8 --includeHOMD False --genomeStyle UCSC --chrs "c(1:22, \"X\")" --estimateNormal True --estimatePloidy True --estimateScPrevalence True --scStates "c(1,3)" --centromere /scratch/n/nicholsa/zyfniu/igenomes_ref/GRCh38.GCA_000001405.2_centromere_acen.txt --exons.bed None --txnE 0.9999 --txnStrength 10000 --fracReadsInChrYForMale 0.001 --plotFileType png --plotYLim "c(-2,4)" --outDir results/ichorCNA/tumor_sample_1/ > logs/ichorCNA/tumor_sample_1.log 2> logs/ichorCNA/tumor_sample_1.log
        (one of the commands exited with non-zero exit code; note that snakemake uses bash strict mode!)
        cluster_jobid: Submitted batch job 4851394

    [Mon Feb 15 13:00:42 2021]
    Error in rule runTitanCNA:
        jobid: 3
        output: results/titan/hmm/titanCNA_ploidy2/tumor_sample_1_cluster2.titan.txt, results/titan/hmm/titanCNA_ploidy2/tumor_sample_1_cluster2.params.txt, results/titan/hmm/titanCNA_ploidy2/tumor_sample_1_cluster2.segs.txt, results/titan/hmm/titanCNA_ploidy2/tumor_sample_1_cluster2.seg
        log: logs/titan/hmm/titanCNA_ploidy2/run_titanCNA_tumor_sample_1_cluster2.log (check log file(s) for error message)
        shell:
        singularity exec -B $SCRATCH/igenomes_ref,$SCRATCH/AN_WGS,$SCRATCH/AN_WGS/raw,$SCRATCH/singularity_images /gpfs/fs0/scratch/n/nicholsa/zyfniu/singularity_images/ichorcna_pz.simg Rscript /scratch/n/nicholsa/zyfniu/singularity_images/TitanCNA/scripts/R_scripts/titanCNA.R --hetFile results/titan/tumCounts/tumor_sample_1.tumCounts.txt --cnFile results/ichorCNA/tumor_sample_1/tumor_sample_1.correctedDepth.txt --outFile results/titan/hmm/titanCNA_ploidy2/tumor_sample_1_cluster2.titan.txt --outSeg results/titan/hmm/titanCNA_ploidy2/tumor_sample_1_cluster2.segs.txt --outParam results/titan/hmm/titanCNA_ploidy2/tumor_sample_1_cluster2.params.txt --outIGV results/titan/hmm/titanCNA_ploidy2/tumor_sample_1_cluster2.seg --outPlotDir results/titan/hmm/titanCNA_ploidy2/tumor_sample_1_cluster2/ --libdir /scratch/n/nicholsa/zyfniu/singularity_images/TitanCNA/R/ --id tumor_sample_1 --numClusters 2 --numCores 80 --normal_0 0.5 --ploidy_0 2 --genomeStyle UCSC --genomeBuild hg38 --cytobandFile /scratch/n/nicholsa/zyfniu/igenomes_ref/cytoBand_hg38.txt --chrs "c(1:22, \"X\")" --gender male --estimateNormal map --estimatePloidy True --estimateClonality True  --centromere /scratch/n/nicholsa/zyfniu/igenomes_ref/GRCh38.GCA_000001405.2_centromere_acen.txt --alphaK 10000 --txnExpLen 1e15 --plotYlim "c(-2,4)" > logs/titan/hmm/titanCNA_ploidy2/run_titanCNA_tumor_sample_1_cluster2.log 2> logs/titan/hmm/titanCNA_ploidy2/run_titanCNA_tumor_sample_1_cluster2.log
        (one of the commands exited with non-zero exit code; note that snakemake uses bash strict mode!)
        cluster_jobid: Submitted batch job 4851394

    [Mon Feb 15 13:00:42 2021]
    Error in rule runTitanCNA:
        jobid: 4
        output: results/titan/hmm/titanCNA_ploidy3/tumor_sample_1_cluster2.titan.txt, results/titan/hmm/titanCNA_ploidy3/tumor_sample_1_cluster2.params.txt, results/titan/hmm/titanCNA_ploidy3/tumor_sample_1_cluster2.segs.txt, results/titan/hmm/titanCNA_ploidy3/tumor_sample_1_cluster2.seg
        log: logs/titan/hmm/titanCNA_ploidy3/run_titanCNA_tumor_sample_1_cluster2.log (check log file(s) for error message)
        shell:
        singularity exec -B $SCRATCH/igenomes_ref,$SCRATCH/AN_WGS,$SCRATCH/AN_WGS/raw,$SCRATCH/singularity_images /gpfs/fs0/scratch/n/nicholsa/zyfniu/singularity_images/ichorcna_pz.simg Rscript /scratch/n/nicholsa/zyfniu/singularity_images/TitanCNA/scripts/R_scripts/titanCNA.R --hetFile results/titan/tumCounts/tumor_sample_1.tumCounts.txt --cnFile results/ichorCNA/tumor_sample_1/tumor_sample_1.correctedDepth.txt --outFile results/titan/hmm/titanCNA_ploidy3/tumor_sample_1_cluster2.titan.txt --outSeg results/titan/hmm/titanCNA_ploidy3/tumor_sample_1_cluster2.segs.txt --outParam results/titan/hmm/titanCNA_ploidy3/tumor_sample_1_cluster2.params.txt --outIGV results/titan/hmm/titanCNA_ploidy3/tumor_sample_1_cluster2.seg --outPlotDir results/titan/hmm/titanCNA_ploidy3/tumor_sample_1_cluster2/ --libdir /scratch/n/nicholsa/zyfniu/singularity_images/TitanCNA/R/ --id tumor_sample_1 --numClusters 2 --numCores 80 --normal_0 0.5 --ploidy_0 3 --genomeStyle UCSC --genomeBuild hg38 --cytobandFile /scratch/n/nicholsa/zyfniu/igenomes_ref/cytoBand_hg38.txt --chrs "c(1:22, \"X\")" --gender male --estimateNormal map --estimatePloidy True --estimateClonality True  --centromere /scratch/n/nicholsa/zyfniu/igenomes_ref/GRCh38.GCA_000001405.2_centromere_acen.txt --alphaK 10000 --txnExpLen 1e15 --plotYlim "c(-2,4)" > logs/titan/hmm/titanCNA_ploidy3/run_titanCNA_tumor_sample_1_cluster2.log 2> logs/titan/hmm/titanCNA_ploidy3/run_titanCNA_tumor_sample_1_cluster2.log
        (one of the commands exited with non-zero exit code; note that snakemake uses bash strict mode!)
        cluster_jobid: Submitted batch job 4851394

    [Mon Feb 15 13:00:42 2021]
    Error in rule combineTitanAndIchorCNA:
        jobid: 6
        output: results/titan/hmm/titanCNA_ploidy3/tumor_sample_1_cluster1.titan.ichor.seg.txt, results/titan/hmm/titanCNA_ploidy3/tumor_sample_1_cluster1.titan.ichor.cna.txt
        log: logs/titan/hmm/titanCNA_ploidy3/tumor_sample_1_cluster1.combineTitanIchorCNA.log (check log file(s) for error message)
        shell:
        singularity exec -B $SCRATCH/igenomes_ref,$SCRATCH/AN_WGS,$SCRATCH/AN_WGS/raw,$SCRATCH/singularity_images /gpfs/fs0/scratch/n/nicholsa/zyfniu/singularity_images/ichorcna_pz.simg Rscript /scratch/n/nicholsa/zyfniu/singularity_images/TitanCNA/scripts/snakemake/code/combineTITAN-ichor.R --libdir /scratch/n/nicholsa/zyfniu/singularity_images/TitanCNA/R/ --titanSeg results/titan/hmm/titanCNA_ploidy3/tumor_sample_1_cluster1.segs.txt --titanBin results/titan/hmm/titanCNA_ploidy3/tumor_sample_1_cluster1.titan.txt --titanParam results/titan/hmm/titanCNA_ploidy3/tumor_sample_1_cluster1.params.txt --ichorSeg results/ichorCNA/tumor_sample_1/tumor_sample_1.seg.txt --ichorBin results/ichorCNA/tumor_sample_1/tumor_sample_1.cna.seg --ichorParam results/ichorCNA/tumor_sample_1/tumor_sample_1.params.txt --mergeIchorHOMD False --sex male --outSegFile results/titan/hmm/titanCNA_ploidy3/tumor_sample_1_cluster1.titan.ichor.seg.txt --outBinFile results/titan/hmm/titanCNA_ploidy3/tumor_sample_1_cluster1.titan.ichor.cna.txt --centromere /scratch/n/nicholsa/zyfniu/igenomes_ref/GRCh38.GCA_000001405.2_centromere_acen.txt > logs/titan/hmm/titanCNA_ploidy3/tumor_sample_1_cluster1.combineTitanIchorCNA.log 2> logs/titan/hmm/titanCNA_ploidy3/tumor_sample_1_cluster1.combineTitanIchorCNA.log
        (one of the commands exited with non-zero exit code; note that snakemake uses bash strict mode!)
        cluster_jobid: Submitted batch job 4851394

    [Mon Feb 15 13:00:42 2021]
    Error in rule combineTitanAndIchorCNA:
        jobid: 8
        output: results/titan/hmm/titanCNA_ploidy3/tumor_sample_1_cluster2.titan.ichor.seg.txt, results/titan/hmm/titanCNA_ploidy3/tumor_sample_1_cluster2.titan.ichor.cna.txt
        log: logs/titan/hmm/titanCNA_ploidy3/tumor_sample_1_cluster2.combineTitanIchorCNA.log (check log file(s) for error message)
        shell:
        singularity exec -B $SCRATCH/igenomes_ref,$SCRATCH/AN_WGS,$SCRATCH/AN_WGS/raw,$SCRATCH/singularity_images /gpfs/fs0/scratch/n/nicholsa/zyfniu/singularity_images/ichorcna_pz.simg Rscript /scratch/n/nicholsa/zyfniu/singularity_images/TitanCNA/scripts/snakemake/code/combineTITAN-ichor.R --libdir /scratch/n/nicholsa/zyfniu/singularity_images/TitanCNA/R/ --titanSeg results/titan/hmm/titanCNA_ploidy3/tumor_sample_1_cluster2.segs.txt --titanBin results/titan/hmm/titanCNA_ploidy3/tumor_sample_1_cluster2.titan.txt --titanParam results/titan/hmm/titanCNA_ploidy3/tumor_sample_1_cluster2.params.txt --ichorSeg results/ichorCNA/tumor_sample_1/tumor_sample_1.seg.txt --ichorBin results/ichorCNA/tumor_sample_1/tumor_sample_1.cna.seg --ichorParam results/ichorCNA/tumor_sample_1/tumor_sample_1.params.txt --mergeIchorHOMD False --sex male --outSegFile results/titan/hmm/titanCNA_ploidy3/tumor_sample_1_cluster2.titan.ichor.seg.txt --outBinFile results/titan/hmm/titanCNA_ploidy3/tumor_sample_1_cluster2.titan.ichor.cna.txt --centromere /scratch/n/nicholsa/zyfniu/igenomes_ref/GRCh38.GCA_000001405.2_centromere_acen.txt > logs/titan/hmm/titanCNA_ploidy3/tumor_sample_1_cluster2.combineTitanIchorCNA.log 2> logs/titan/hmm/titanCNA_ploidy3/tumor_sample_1_cluster2.combineTitanIchorCNA.log
        (one of the commands exited with non-zero exit code; note that snakemake uses bash strict mode!)
        cluster_jobid: Submitted batch job 4851394

    [Mon Feb 15 13:00:42 2021]
    Error in rule copyOptSolution:
        jobid: 10
        output: results/titan/hmm/optimalClusterSolution/
        log: logs/titan/hmm/optSolution/copyOptSolution.log (check log file(s) for error message)
        shell:
        
		curDir=`pwd`
		for i in `cut -f11 results/titan/hmm/optimalClusterSolution.txt | grep -v "path"`;
		do
			echo -e "Copying $curDir/${i} to results/titan/hmm/optimalClusterSolution/"
			cp -r ${curDir}/${i}* results/titan/hmm/optimalClusterSolution/
		done		
		
        (one of the commands exited with non-zero exit code; note that snakemake uses bash strict mode!)
        cluster_jobid: Submitted batch job 4851394

    [Mon Feb 15 13:00:42 2021]
    Error in rule runTitanCNA:
        jobid: 2
        output: results/titan/hmm/titanCNA_ploidy3/tumor_sample_1_cluster1.titan.txt, results/titan/hmm/titanCNA_ploidy3/tumor_sample_1_cluster1.params.txt, results/titan/hmm/titanCNA_ploidy3/tumor_sample_1_cluster1.segs.txt, results/titan/hmm/titanCNA_ploidy3/tumor_sample_1_cluster1.seg
        log: logs/titan/hmm/titanCNA_ploidy3/run_titanCNA_tumor_sample_1_cluster1.log (check log file(s) for error message)
        shell:
        singularity exec -B $SCRATCH/igenomes_ref,$SCRATCH/AN_WGS,$SCRATCH/AN_WGS/raw,$SCRATCH/singularity_images /gpfs/fs0/scratch/n/nicholsa/zyfniu/singularity_images/ichorcna_pz.simg Rscript /scratch/n/nicholsa/zyfniu/singularity_images/TitanCNA/scripts/R_scripts/titanCNA.R --hetFile results/titan/tumCounts/tumor_sample_1.tumCounts.txt --cnFile results/ichorCNA/tumor_sample_1/tumor_sample_1.correctedDepth.txt --outFile results/titan/hmm/titanCNA_ploidy3/tumor_sample_1_cluster1.titan.txt --outSeg results/titan/hmm/titanCNA_ploidy3/tumor_sample_1_cluster1.segs.txt --outParam results/titan/hmm/titanCNA_ploidy3/tumor_sample_1_cluster1.params.txt --outIGV results/titan/hmm/titanCNA_ploidy3/tumor_sample_1_cluster1.seg --outPlotDir results/titan/hmm/titanCNA_ploidy3/tumor_sample_1_cluster1/ --libdir /scratch/n/nicholsa/zyfniu/singularity_images/TitanCNA/R/ --id tumor_sample_1 --numClusters 1 --numCores 80 --normal_0 0.5 --ploidy_0 3 --genomeStyle UCSC --genomeBuild hg38 --cytobandFile /scratch/n/nicholsa/zyfniu/igenomes_ref/cytoBand_hg38.txt --chrs "c(1:22, \"X\")" --gender male --estimateNormal map --estimatePloidy True --estimateClonality True  --centromere /scratch/n/nicholsa/zyfniu/igenomes_ref/GRCh38.GCA_000001405.2_centromere_acen.txt --alphaK 10000 --txnExpLen 1e15 --plotYlim "c(-2,4)" > logs/titan/hmm/titanCNA_ploidy3/run_titanCNA_tumor_sample_1_cluster1.log 2> logs/titan/hmm/titanCNA_ploidy3/run_titanCNA_tumor_sample_1_cluster1.log
        (one of the commands exited with non-zero exit code; note that snakemake uses bash strict mode!)
        cluster_jobid: Submitted batch job 4851394

    [Mon Feb 15 13:00:42 2021]
    Error in rule combineTitanAndIchorCNA:
        jobid: 5
        output: results/titan/hmm/titanCNA_ploidy2/tumor_sample_1_cluster1.titan.ichor.seg.txt, results/titan/hmm/titanCNA_ploidy2/tumor_sample_1_cluster1.titan.ichor.cna.txt
        log: logs/titan/hmm/titanCNA_ploidy2/tumor_sample_1_cluster1.combineTitanIchorCNA.log (check log file(s) for error message)
        shell:
        singularity exec -B $SCRATCH/igenomes_ref,$SCRATCH/AN_WGS,$SCRATCH/AN_WGS/raw,$SCRATCH/singularity_images /gpfs/fs0/scratch/n/nicholsa/zyfniu/singularity_images/ichorcna_pz.simg Rscript /scratch/n/nicholsa/zyfniu/singularity_images/TitanCNA/scripts/snakemake/code/combineTITAN-ichor.R --libdir /scratch/n/nicholsa/zyfniu/singularity_images/TitanCNA/R/ --titanSeg results/titan/hmm/titanCNA_ploidy2/tumor_sample_1_cluster1.segs.txt --titanBin results/titan/hmm/titanCNA_ploidy2/tumor_sample_1_cluster1.titan.txt --titanParam results/titan/hmm/titanCNA_ploidy2/tumor_sample_1_cluster1.params.txt --ichorSeg results/ichorCNA/tumor_sample_1/tumor_sample_1.seg.txt --ichorBin results/ichorCNA/tumor_sample_1/tumor_sample_1.cna.seg --ichorParam results/ichorCNA/tumor_sample_1/tumor_sample_1.params.txt --mergeIchorHOMD False --sex male --outSegFile results/titan/hmm/titanCNA_ploidy2/tumor_sample_1_cluster1.titan.ichor.seg.txt --outBinFile results/titan/hmm/titanCNA_ploidy2/tumor_sample_1_cluster1.titan.ichor.cna.txt --centromere /scratch/n/nicholsa/zyfniu/igenomes_ref/GRCh38.GCA_000001405.2_centromere_acen.txt > logs/titan/hmm/titanCNA_ploidy2/tumor_sample_1_cluster1.combineTitanIchorCNA.log 2> logs/titan/hmm/titanCNA_ploidy2/tumor_sample_1_cluster1.combineTitanIchorCNA.log
        (one of the commands exited with non-zero exit code; note that snakemake uses bash strict mode!)
        cluster_jobid: Submitted batch job 4851394

    [Mon Feb 15 13:00:42 2021]
    Error in rule combineTitanAndIchorCNA:
        jobid: 7
        output: results/titan/hmm/titanCNA_ploidy2/tumor_sample_1_cluster2.titan.ichor.seg.txt, results/titan/hmm/titanCNA_ploidy2/tumor_sample_1_cluster2.titan.ichor.cna.txt
        log: logs/titan/hmm/titanCNA_ploidy2/tumor_sample_1_cluster2.combineTitanIchorCNA.log (check log file(s) for error message)
        shell:
        singularity exec -B $SCRATCH/igenomes_ref,$SCRATCH/AN_WGS,$SCRATCH/AN_WGS/raw,$SCRATCH/singularity_images /gpfs/fs0/scratch/n/nicholsa/zyfniu/singularity_images/ichorcna_pz.simg Rscript /scratch/n/nicholsa/zyfniu/singularity_images/TitanCNA/scripts/snakemake/code/combineTITAN-ichor.R --libdir /scratch/n/nicholsa/zyfniu/singularity_images/TitanCNA/R/ --titanSeg results/titan/hmm/titanCNA_ploidy2/tumor_sample_1_cluster2.segs.txt --titanBin results/titan/hmm/titanCNA_ploidy2/tumor_sample_1_cluster2.titan.txt --titanParam results/titan/hmm/titanCNA_ploidy2/tumor_sample_1_cluster2.params.txt --ichorSeg results/ichorCNA/tumor_sample_1/tumor_sample_1.seg.txt --ichorBin results/ichorCNA/tumor_sample_1/tumor_sample_1.cna.seg --ichorParam results/ichorCNA/tumor_sample_1/tumor_sample_1.params.txt --mergeIchorHOMD False --sex male --outSegFile results/titan/hmm/titanCNA_ploidy2/tumor_sample_1_cluster2.titan.ichor.seg.txt --outBinFile results/titan/hmm/titanCNA_ploidy2/tumor_sample_1_cluster2.titan.ichor.cna.txt --centromere /scratch/n/nicholsa/zyfniu/igenomes_ref/GRCh38.GCA_000001405.2_centromere_acen.txt > logs/titan/hmm/titanCNA_ploidy2/tumor_sample_1_cluster2.combineTitanIchorCNA.log 2> logs/titan/hmm/titanCNA_ploidy2/tumor_sample_1_cluster2.combineTitanIchorCNA.log
        (one of the commands exited with non-zero exit code; note that snakemake uses bash strict mode!)
        cluster_jobid: Submitted batch job 4851394

    [Mon Feb 15 13:00:42 2021]
    Error in rule selectSolution:
        jobid: 9
        output: results/titan/hmm/optimalClusterSolution.txt
        log: logs/titan/selectSolution.log (check log file(s) for error message)
        shell:
        
		ploidyRun2=results/titan/hmm/titanCNA_ploidy2/
		if [ -d results/titan/hmm/titanCNA_ploidy3/ ]; then
			ploidyRun3=results/titan/hmm/titanCNA_ploidy3/
		else
			ploidyRun3=NULL
		fi
		if [ -d results/titan/hmm/titanCNA_ploidy4/ ]; then
			ploidyRun4=results/titan/hmm/titanCNA_ploidy4/
		else
			ploidyRun4=NULL
		fi
		singularity exec -B $SCRATCH/igenomes_ref,$SCRATCH/AN_WGS,$SCRATCH/AN_WGS/raw,$SCRATCH/singularity_images /gpfs/fs0/scratch/n/nicholsa/zyfniu/singularity_images/ichorcna_pz.simg Rscript /scratch/n/nicholsa/zyfniu/singularity_images/TitanCNA/scripts/R_scripts/selectSolution.R --ploidyRun2 $ploidyRun2 --ploidyRun3 $ploidyRun3 --ploidyRun4 $ploidyRun4 --threshold 0.05 --outFile results/titan/hmm/optimalClusterSolution.txt > logs/titan/selectSolution.log 2> logs/titan/selectSolution.log
		
        (one of the commands exited with non-zero exit code; note that snakemake uses bash strict mode!)
        cluster_jobid: Submitted batch job 4851394

Error executing group job ichor on cluster (jobid: c73d9a21-a993-5e62-bfea-8f342637b021, external: Submitted batch job 4851394, jobscript: /gpfs/fs0/scratch/n/nicholsa/zyfniu/singularity_images/TitanCNA/scripts/snakemake/.snakemake/tmp.85yxgy8t/snakejob.ichor.c73d9a21-a993-5e62-bfea-8f342637b021.sh). For error details see the cluster log and the log files of the involved rule(s).
Shutting down, this might take some time.
Exiting because a job execution failed. Look above for error message
Complete log: /gpfs/fs0/scratch/n/nicholsa/zyfniu/singularity_images/TitanCNA/scripts/snakemake/.snakemake/log/2021-02-15T125822.510256.snakemake.log
